# 7. column - points has been generated from
# the normal distribution N(5,0.65)

  1  4326.403 2276.166 0.499 0.259  1  4.1319 0.0318 84
  2  4128.059 1329.443 0.040 0.225  0  3.7086 0.0475 37
  3  4770.499 2256.309 0.346 0.169  0  4.3550 0.0404 28
  4  3497.437 1343.731 0.049 0.190  0  5.9597 0.0191 57
  5   814.756 2808.978 0.309 0.092  1  4.4019 0.0277 45
  6  1250.885 1430.343 0.236 0.275  2  4.5103 0.0631 91
  7  1349.941  586.299 0.233 0.077  1  6.2094 0.0649 69
  8   374.646  969.947 0.169 0.253  0  4.3825 0.0547 49
  9  1696.207 1754.275 0.091 0.168  2  4.9317 0.0377 79
 10  1161.731 2303.542 0.211 0.093  0  4.3003 0.0663 17
 11   320.215 1958.301 0.058 0.091  0  4.4844 0.0236 32
 12   876.204 2810.672 0.493 0.020  1  5.2376 0.0522 82
 13  2218.752   51.961 0.186 0.222  0  5.1934 0.0491 21
 14  1956.214  392.096 0.177 0.232  2  4.4682 0.0207 77
 15  2826.096 2821.827 0.316 0.208  0  5.0543 0.0652 41
 16  4129.735 2299.590 0.147 0.094  0  5.5640 0.0410 80
 17  1289.537  995.868 0.469 0.166  2  4.1406 0.0285 38
 18  1135.779 1136.865 0.176 0.284  2  4.5830 0.0235 30
 19  2828.045 2077.252 0.427 0.196  1  6.0318 0.0411 90
 20  3851.080 1406.423 0.440 0.052  1  4.1433 0.0514 33
 21  4564.590 2601.165 0.028 0.044  0  5.9532 0.0185 54
 22  3840.311   39.570 0.368 0.034  0  3.8419 0.0654 59
 23   184.017 2315.810 0.223 0.197  2  5.3578 0.0699 90
 24  3336.112 1179.240 0.321 0.232  0  3.9961 0.0277 55
 25  3896.675 1223.780 0.088 0.066  0  5.7622 0.0689 93
 26  1012.587 2851.164 0.478 0.101  1  4.8569 0.0220 61
 27  2580.945 1514.152 0.493 0.057  2  6.4346 0.0100 85
 28  2309.183 1529.625 0.352 0.052  2  4.6664 0.0159 74
 29   573.834  478.892 0.359 0.220  1  5.0028 0.0443 90
 30   269.851 1580.180 0.343 0.068  0  5.0996 0.0444 96
 31  3342.433  985.071 0.231 0.076  1  5.9450 0.0645 76
 32  1021.770 2814.518 0.182 0.142  1  5.3485 0.0117 56
 33  1180.907 1787.159 0.480 0.081  0  5.9261 0.0565 74
 34   535.404  620.833 0.281 0.202  2  4.9397 0.0364 16
 35  2763.201 2385.754 0.170 0.252  1  4.6212 0.0599 20
 36  4591.600  672.999 0.340 0.294  0  5.0501 0.0414 60
 37  2274.262  857.624 0.134 0.129  0  4.0279 0.0294 15
 38   988.067  625.328 0.458 0.104  1  5.0867 0.0310 84
 39  3869.824  413.385 0.159 0.147  0  4.4141 0.0176 33
 40  2672.919  379.281 0.130 0.145  2  5.2537 0.0081 11
 41  3824.402 1943.383 0.238 0.258  1  5.1683 0.0313 92
 42   487.131  886.458 0.396 0.228  0  4.3507 0.0275 72
 43  1733.518 1300.120 0.471 0.286  0  4.8268 0.0672 83
 44  1254.297 2307.522 0.144 0.019  0  4.8115 0.0352 61
 45  3208.670 2166.040 0.283 0.190  1  4.1740 0.0576 20
 46  2976.868  523.302 0.364 0.198  1  3.4763 0.0682 30
 47  1364.861 2960.215 0.313 0.174  1  5.5656 0.0420 29
 48  3879.365  222.190 0.130 0.197  0  5.5435 0.0426 29
 49  2932.866  835.552 0.141 0.019  0  4.5702 0.0315 96
 50  4446.886 2572.158 0.318 0.171  2  5.2576 0.0317 71
 51  3488.562  784.535 0.382 0.019  1  5.4682 0.0471 83
 52  1823.120 2386.390 0.172 0.113  1  4.4978 0.0502 36
 53   204.252 2805.798 0.439 0.200  2  4.4614 0.0590 40
 54  4879.965 2319.147 0.181 0.244  1  4.5502 0.0016 44
 55  2950.127 1910.562 0.020 0.197  2  4.9363 0.0239 29
 56   879.162 2087.316 0.053 0.262  1  4.7322 0.0648 17
 57  3910.726  894.930 0.025 0.300  0  4.2557 0.0417 19
 58  1774.063 2777.713 0.175 0.199  0  4.5216 0.0475 45
 59   311.217 1589.910 0.441 0.229  0  6.5509 0.0588 11
 60  4140.801 2626.720 0.385 0.201  1  4.5529 0.0606 12
 61   647.388 1677.205 0.174 0.203  2  4.3350 0.0504 24
 62  2821.555 2572.110 0.148 0.013  0  6.0808 0.0248 66
 63  1210.424 1522.248 0.290 0.181  2  4.6987 0.0193 53
 64  4953.960 2297.708 0.443 0.260  1  5.8283 0.0210 48
 65   959.186 2739.696 0.130 0.093  1  5.8917 0.0277 36
 66  2997.992  626.269 0.264 0.095  0  4.5551 0.0326 29
 67  1639.548  490.095 0.496 0.127  1  5.2443 0.0041 55
 68   398.624 2882.803 0.335 0.279  1  4.4800 0.0223 33
 69  2916.686 1418.603 0.087 0.180  2  5.5421 0.0247 91
 70   288.923 1463.346 0.348 0.074  1  5.5393 0.0455 50
 71  3634.825 1527.704 0.193 0.194  0  5.8240 0.0690 84
 72  2743.790 2502.600 0.211 0.085  1  4.6664 0.0076 70
 73  4783.416 2818.432 0.076 0.142  2  5.8189 0.0147 48
 74  1039.748 1268.961 0.181 0.228  0  4.4094 0.0639 13
 75   149.008 2095.528 0.288 0.093  2  4.4815 0.0412 31
 76   137.735 2721.471 0.096 0.103  0  4.3878 0.0437 50
 77    33.668 1871.213 0.063 0.137  0  4.8718 0.0285 16
 78  3108.452 2725.014 0.198 0.050  2  4.8060 0.0686 67
 79  4674.275  785.434 0.029 0.195  2  5.0807 0.0634 61
 80  1712.228 1771.786 0.105 0.067  1  4.9391 0.0065 93
 81  3141.527 1520.957 0.029 0.041  0  4.4120 0.0224 91
 82  2205.811 2478.065 0.249 0.265  0  5.9253 0.0372 88
 83  4569.709  378.676 0.372 0.248  1  4.3489 0.0199 25
 84  4502.760  188.242 0.051 0.242  0  4.8151 0.0580 10
 85  1087.522   67.663 0.399 0.200  0  5.2956 0.0431 72
 86  3589.287  879.328 0.202 0.027  0  4.3817 0.0326 46
 87  1352.836 2991.468 0.118 0.115  2  4.9923 0.0549 38
 88  1566.529  494.654 0.373 0.289  1  4.9332 0.0546 83
 89  4487.173 1598.343 0.331 0.072  2  4.9574 0.0589 68
 90   919.229 1290.951 0.483 0.260  0  4.1525 0.0088 38
 91  4203.487  669.185 0.294 0.172  2  5.0158 0.0272 41
 92  4092.642  491.413 0.450 0.024  1  5.1666 0.0146 10
 93  1244.447 2685.119 0.478 0.292  0  5.3372 0.0585 23
 94  1452.936  279.683 0.062 0.013  0  5.2642 0.0654 20
 95  4749.862 2772.441 0.306 0.191  1  4.7264 0.0156 29
 96  4620.351   71.059 0.415 0.190  1  4.3608 0.0469 28
 97   595.297 2437.301 0.171 0.077  1  4.9510 0.0063 12
 98  2958.266  312.204 0.183 0.194  1  5.0888 0.0406 37
 99  3486.386 1904.369 0.449 0.016  2  4.7594 0.0193 49
100   545.088 1141.664 0.300 0.071  2  5.1193 0.0616 39
101   374.217 1211.807 0.362 0.018  2  6.3571 0.0390 65
102    54.264 1455.231 0.271 0.269  1  5.7174 0.0490 64
103  3066.678 2317.171 0.451 0.048  0  5.1847 0.0329 47
104  1360.810 2777.955 0.329 0.241  0  4.4019 0.0080 16
105   918.844  629.847 0.404 0.026  2  4.5675 0.0107 32
106   416.575 1617.439 0.300 0.055  1  6.0728 0.0338 61
107  1367.074 2036.237 0.176 0.253  1  4.3582 0.0273 14
108  3935.515 2329.245 0.102 0.239  0  4.7792 0.0340 49
109  4489.151 2386.646 0.079 0.143  1  3.4866 0.0454 25
110  3599.735 2612.003 0.052 0.193  1  4.8055 0.0426 18
111  4577.621  634.181 0.035 0.105  1  6.1064 0.0382 89
112  1084.217  913.466 0.084 0.271  0  5.3360 0.0278 77
113   591.608 1198.148 0.193 0.218  2  4.1979 0.0458 62
114  4261.576 1943.466 0.070 0.054  0  4.5871 0.0162 98
115    60.011  381.726 0.095 0.178  1  4.6466 0.0061 97
116  1567.296 2274.847 0.069 0.163  2  4.6524 0.0346 44
117  2629.387 1877.859 0.488 0.119  1  4.3184 0.0547 15
118  3469.849 2051.261 0.483 0.016  0  5.4305 0.0613 37
119  4612.214 1341.796 0.105 0.027  0  5.3639 0.0028 68
120  2295.562  955.003 0.192 0.279  0  4.9672 0.0025 65
121  1022.550  880.422 0.482 0.112  0  4.7428 0.0472 32
122   487.905 1125.973 0.074 0.030  1  5.2530 0.0412 68
123  2478.581  226.014 0.019 0.130  0  4.8071 0.0003 45
124    47.483 1277.650 0.148 0.014  2  5.0562 0.0466 80
125  3386.762 2845.564 0.373 0.207  2  5.2504 0.0069 49
126  2379.131 2620.542 0.346 0.230  2  6.1148 0.0067 58
127  4242.659 2643.439 0.043 0.178  1  5.4856 0.0291 93
128   668.605 2121.556 0.241 0.017  2  4.6201 0.0003 10
129  1105.827 1288.222 0.389 0.209  0  4.4082 0.0034 16
130   720.571  456.376 0.167 0.040  2  4.9937 0.0583 59
131  4649.833 1111.066 0.381 0.182  2  5.6108 0.0355 59
132  3023.936  191.058 0.220 0.022  2  5.6629 0.0074 17
133  1450.421  956.055 0.449 0.150  2  4.4305 0.0555 15
134  3850.561  995.372 0.285 0.246  0  4.7760 0.0518 30
135  4502.610 1709.246 0.451 0.060  2  5.6168 0.0374 41
136  2872.983 1183.113 0.230 0.038  1  4.3934 0.0071 10
137  4251.654 1035.245 0.163 0.208  2  4.2235 0.0154 76
138  4399.865 2343.615 0.101 0.173  1  4.8972 0.0558 45
139  1154.150 1831.965 0.388 0.029  1  5.7957 0.0249 26
140  1132.349  747.324 0.368 0.291  2  5.4836 0.0667 19
141  3281.598 1761.397 0.241 0.123  1  5.3695 0.0559 74
142  4337.110  136.456 0.485 0.086  2  5.1012 0.0520 76
143  3075.771 2939.535 0.089 0.181  2  4.1138 0.0329 25
144  3810.211 1971.770 0.465 0.223  0  5.9607 0.0238 46
145  2042.666 2244.354 0.350 0.139  0  5.0296 0.0034 35
146  1892.273 1840.655 0.091 0.015  0  5.7771 0.0652 35
147  4939.399 1975.052 0.091 0.095  2  5.0531 0.0414 22
148  2972.806 2996.857 0.243 0.255  0  4.8385 0.0273 82
149  4660.534 2865.633 0.126 0.255  1  5.8825 0.0508 69
150  3980.294 2317.525 0.498 0.059  1  4.6680 0.0513 20
151  3965.848  788.682 0.206 0.097  0  5.0052 0.0444 92
152  2508.707  596.672 0.445 0.026  0  4.1516 0.0577 55
153  1685.968 2446.333 0.230 0.047  1  5.0571 0.0254 61
154  2181.772 2494.386 0.024 0.182  0  6.2385 0.0093 34
155   258.307 2322.278 0.086 0.288  2  4.8839 0.0661 40
156  2053.368  577.100 0.091 0.113  0  4.1982 0.0567 15
157  3430.053 2330.209 0.438 0.262  2  5.3869 0.0437 11
158  3087.577 1090.075 0.099 0.065  1  4.0412 0.0151 84
159   534.095 1274.203 0.193 0.226  0  4.7206 0.0359 57
160  2018.652 2930.830 0.492 0.027  2  4.4189 0.0225 89
161   350.013 1897.331 0.135 0.275  2  4.6765 0.0367 36
162  2125.907 2734.889 0.101 0.222  1  5.2636 0.0699 33
163  2297.221 1318.695 0.438 0.236  0  6.8659 0.0352 61
164  1159.200 1523.423 0.194 0.280  0  4.6499 0.0397 27
165  4860.173 2839.570 0.029 0.142  0  5.4539 0.0100 66
166   617.723 2102.828 0.090 0.167  1  4.8616 0.0595 81
167  2753.867 2295.890 0.139 0.177  0  4.7886 0.0237 24
168  4175.892 2324.690 0.091 0.190  1  6.4134 0.0051 10
169  1849.246 2443.092 0.117 0.247  2  4.8192 0.0215 62
170  3741.714 1159.174 0.118 0.191  0  4.5993 0.0280 14
171   149.657 2401.998 0.340 0.092  2  5.1948 0.0359 76
172  1909.881 1376.024 0.172 0.036  2  6.0709 0.0492 92
173  1586.044 2950.689 0.417 0.159  2  4.8966 0.0173 44
174   500.757 1662.912 0.193 0.095  2  4.7075 0.0469 69
175  3217.380 1793.072 0.336 0.127  1  4.3063 0.0541 86
176  1075.279 1951.072 0.461 0.082  0  4.3160 0.0218 19
177  2090.620  546.710 0.225 0.203  2  4.1684 0.0312 35
178  1871.828 2009.744 0.441 0.268  2  4.8758 0.0048 38
179  3525.190 2097.707 0.106 0.024  1  4.1238 0.0557 80
180  1818.521  576.641 0.467 0.255  2  5.0242 0.0368 73
181   181.919 2391.216 0.341 0.157  1  4.2269 0.0264 24
182  4949.155  157.261 0.122 0.288  2  3.8710 0.0288 10
183   134.994 2174.927 0.458 0.101  1  5.7283 0.0544 98
184  4737.573  321.208 0.381 0.151  1  5.0611 0.0482 84
185  3669.516 1629.045 0.312 0.096  2  5.4481 0.0217 50
186  3036.859 1580.547 0.178 0.232  2  4.4326 0.0281 85
187  2491.153  137.121 0.265 0.041  2  4.8079 0.0100 95
188  2881.901 1302.028 0.494 0.122  2  4.8711 0.0689 45
189  2430.365 1997.888 0.148 0.184  2  4.9986 0.0308 51
190     2.918 1932.879 0.405 0.277  1  4.6517 0.0146 90
191  1658.922  402.795 0.319 0.144  0  4.8591 0.0237 24
192  2642.297  359.290 0.080 0.265  2  3.8006 0.0190 76
193   956.216 1292.601 0.086 0.058  0  5.3926 0.0309 50
194  3582.240 1756.941 0.294 0.048  1  3.3914 0.0395 40
195  4433.407 1853.916 0.115 0.018  2  5.5259 0.0341 70
196  1018.597 2390.105 0.060 0.249  2  4.5852 0.0643 84
197   358.310   28.349 0.022 0.093  1  4.2405 0.0103 67
198  3129.245  482.386 0.475 0.155  1  5.4812 0.0296 40
199  1480.610 1925.867 0.104 0.105  0  3.9244 0.0297 31
200  3897.174 1514.322 0.470 0.224  0  3.3117 0.0508 44
